#
# A fatal error has been detected by the Java Runtime Environment:
#
#  EXCEPTION_ACCESS_VIOLATION (0xc0000005) at pc=0x00007fff85151cfa, pid=19496, tid=0x0000000000004e4c
#
# JRE version: Java(TM) SE Runtime Environment (8.0_111-b14) (build 1.8.0_111-b14)
# Java VM: Java HotSpot(TM) 64-Bit Server VM (25.111-b14 mixed mode windows-amd64 compressed oops)
# Problematic frame:
# C  [bulletjme.dll+0x11cfa]
#
# Failed to write core dump. Minidumps are not enabled by default on client versions of Windows
#
# If you would like to submit a bug report, please visit:
#   http://bugreport.java.com/bugreport/crash.jsp
# The crash happened outside the Java Virtual Machine in native code.
# See problematic frame for where to report the bug.
#

---------------  T H R E A D  ---------------

Current thread (0x0000000002b7e000):  JavaThread "Finalizer" daemon [_thread_in_native, id=20044, stack(0x000000001e9b0000,0x000000001eab0000)]

siginfo: ExceptionCode=0xc0000005, reading address 0x00000000296d8ca8

Registers:
RAX=0x00000000296d8be0, RBX=0x0000000028aa7040, RCX=0x00000000296d8be0, RDX=0x0000000000000003
RSP=0x000000001eaaf3b8, RBP=0x000000001eaaf5f8, RSI=0x0000000000000138, RDI=0x00000000000025d2
R8 =0x0000000001001380, R9 =0x0000000000008000, R10=0x000000002580c830, R11=0x000000005578b580
R12=0x0000000000000000, R13=0x0000000028aa7040, R14=0x000000001eaaf628, R15=0x0000000002b7e000
RIP=0x00007fff85151cfa, EFLAGS=0x0000000000010206

Top of Stack: (sp=0x000000001eaaf3b8)
0x000000001eaaf3b8:   00007fff8514b4de 00000000296d8be0
0x000000001eaaf3c8:   0000000000000003 0000000025925710
0x000000001eaaf3d8:   00007fff85165fca 0000000000000003
0x000000001eaaf3e8:   000000002580eab0 0000000025922c90
0x000000001eaaf3f8:   00000000227d0870 0000000025922c90
0x000000001eaaf408:   00000000296d8be0 0000000002b7ed78
0x000000001eaaf418:   00007fff851c13c2 0000000025963f80
0x000000001eaaf428:   000000005573b4a1 0000000002b7e990
0x000000001eaaf438:   000000001eaaf550 000000001eaaf4c0
0x000000001eaaf448:   00007fff851bda50 0000000025963f80
0x000000001eaaf458:   0000000000000000 0000000028aa7040
0x000000001eaaf468:   0000000002b7e000 0000000002b7e000
0x000000001eaaf478:   00007fff851c14c7 0000000025963f80
0x000000001eaaf488:   0000000000000000 000000001eaaf550
0x000000001eaaf498:   000000005573b687 000000001eaaf550
0x000000001eaaf4a8:   00007fff8529994d 0000000025963f80 

Instructions: (pc=0x00007fff85151cfa)
0x00007fff85151cda:   8b 80 f4 00 00 00 c3 cc cc cc cc cc cc cc cc cc
0x00007fff85151cea:   cc cc cc cc cc cc 48 89 4c 24 08 48 8b 44 24 08
0x00007fff85151cfa:   48 8b 80 c8 00 00 00 c3 cc cc cc cc cc cc cc cc
0x00007fff85151d0a:   cc cc cc cc cc cc 48 89 4c 24 08 b8 04 00 00 00 


Register to memory mapping:

RAX=0x00000000296d8be0 is an unknown value
RBX={method} {0x0000000028aa7048} 'finalizeNative' '(J)V' in 'com/jme3/bullet/PhysicsSpace'
RCX=0x00000000296d8be0 is an unknown value
RDX=0x0000000000000003 is an unknown value
RSP=0x000000001eaaf3b8 is pointing into the stack for thread: 0x0000000002b7e000
RBP=0x000000001eaaf5f8 is pointing into the stack for thread: 0x0000000002b7e000
RSI=0x0000000000000138 is an unknown value
RDI=0x00000000000025d2 is an unknown value
R8 =0x0000000001001380 is an unknown value
R9 =0x0000000000008000 is an unknown value
R10=0x000000002580c830 is an unknown value
R11=0x000000005578b580 is an unknown value
R12=0x0000000000000000 is an unknown value
R13={method} {0x0000000028aa7048} 'finalizeNative' '(J)V' in 'com/jme3/bullet/PhysicsSpace'
R14=0x000000001eaaf628 is pointing into the stack for thread: 0x0000000002b7e000
R15=0x0000000002b7e000 is a thread


Stack: [0x000000001e9b0000,0x000000001eab0000],  sp=0x000000001eaaf3b8,  free space=1020k
Native frames: (J=compiled Java code, j=interpreted, Vv=VM code, C=native code)
C  [bulletjme.dll+0x11cfa]

Java frames: (J=compiled Java code, j=interpreted, Vv=VM code)
j  com.jme3.bullet.PhysicsSpace.finalizeNative(J)V+0
j  com.jme3.bullet.PhysicsSpace.finalize()V+34
j  java.lang.System$2.invokeFinalize(Ljava/lang/Object;)V+1
j  java.lang.ref.Finalizer.runFinalizer(Lsun/misc/JavaLangAccess;)V+46
J 2681 C1 java.lang.ref.Finalizer.access$100(Ljava/lang/ref/Finalizer;Lsun/misc/JavaLangAccess;)V (6 bytes) @ 0x000000000355ca1c [0x000000000355c9c0+0x5c]
j  java.lang.ref.Finalizer$FinalizerThread.run()V+45
v  ~StubRoutines::call_stub

---------------  P R O C E S S  ---------------

Java Threads: ( => current thread )
  0x0000000027f90800 JavaThread "AWT-Shutdown" [_thread_blocked, id=18420, stack(0x000000002c0b0000,0x000000002c1b0000)]
  0x0000000027f96800 JavaThread "Thread-1" daemon [_thread_in_native, id=11992, stack(0x000000002beb0000,0x000000002bfb0000)]
  0x0000000002c3e000 JavaThread "DestroyJavaVM" [_thread_blocked, id=19232, stack(0x0000000002900000,0x0000000002a00000)]
  0x000000001faa7000 JavaThread "TimerQueue" daemon [_thread_blocked, id=17112, stack(0x0000000022410000,0x0000000022510000)]
  0x000000001f8e9800 JavaThread "Java2D Disposer" daemon [_thread_blocked, id=19128, stack(0x000000001ff60000,0x0000000020060000)]
  0x000000001e670000 JavaThread "Service Thread" daemon [_thread_blocked, id=14708, stack(0x000000001f1a0000,0x000000001f2a0000)]
  0x000000001e5e4800 JavaThread "C1 CompilerThread3" daemon [_thread_blocked, id=17488, stack(0x000000001f0a0000,0x000000001f1a0000)]
  0x000000001e5df800 JavaThread "C2 CompilerThread2" daemon [_thread_blocked, id=18232, stack(0x000000001efa0000,0x000000001f0a0000)]
  0x000000001e5dc800 JavaThread "C2 CompilerThread1" daemon [_thread_blocked, id=3624, stack(0x000000001eea0000,0x000000001efa0000)]
  0x000000001e5d9000 JavaThread "C2 CompilerThread0" daemon [_thread_blocked, id=19584, stack(0x000000001eda0000,0x000000001eea0000)]
  0x000000001e5d7800 JavaThread "Attach Listener" daemon [_thread_blocked, id=17376, stack(0x000000001eca0000,0x000000001eda0000)]
  0x000000001e5d4000 JavaThread "Signal Dispatcher" daemon [_thread_blocked, id=9304, stack(0x000000001eba0000,0x000000001eca0000)]
=>0x0000000002b7e000 JavaThread "Finalizer" daemon [_thread_in_native, id=20044, stack(0x000000001e9b0000,0x000000001eab0000)]
  0x0000000002b75000 JavaThread "Reference Handler" daemon [_thread_blocked, id=20972, stack(0x000000001e4b0000,0x000000001e5b0000)]

Other Threads:
  0x000000001c6b9000 VMThread [stack: 0x000000001e3b0000,0x000000001e4b0000] [id=2060]
  0x000000001e693000 WatcherThread [stack: 0x000000001f2a0000,0x000000001f3a0000] [id=18532]

VM state:not at safepoint (normal execution)

VM Mutex/Monitor currently owned by a thread: None

Heap:
 PSYoungGen      total 76288K, used 17290K [0x000000076b000000, 0x0000000770500000, 0x00000007c0000000)
  eden space 65536K, 10% used [0x000000076b000000,0x000000076b666958,0x000000076f000000)
  from space 10752K, 99% used [0x000000076f000000,0x000000076fa7c090,0x000000076fa80000)
  to   space 10752K, 0% used [0x000000076fa80000,0x000000076fa80000,0x0000000770500000)
 ParOldGen       total 175104K, used 4053K [0x00000006c1000000, 0x00000006cbb00000, 0x000000076b000000)
  object space 175104K, 2% used [0x00000006c1000000,0x00000006c13f55c0,0x00000006cbb00000)
 Metaspace       used 19792K, capacity 20009K, committed 20352K, reserved 1067008K
  class space    used 2215K, capacity 2324K, committed 2432K, reserved 1048576K

Card table byte_map: [0x0000000012000000,0x0000000012800000] byte_map_base: 0x000000000e9f8000

Marking Bits: (ParMarkBitMap*) 0x0000000055d7a6c0
 Begin Bits: [0x0000000013550000, 0x0000000017510000)
 End Bits:   [0x0000000017510000, 0x000000001b4d0000)

Polling page: 0x0000000000bf0000

CodeCache: size=245760Kb used=9304Kb max_used=9304Kb free=236455Kb
 bounds [0x0000000002c40000, 0x0000000003560000, 0x0000000011c40000]
 total_blobs=3332 nmethods=2676 adapters=568
 compilation: enabled

Compilation events (10 events):
Event: 18.508 Thread 0x000000001e5e4800 nmethod 2681 0x000000000355c850 code [0x000000000355c9c0, 0x000000000355cb28]
Event: 18.508 Thread 0x000000001e5e4800 2682   !   3       java.lang.ref.Finalizer::runFinalizer (62 bytes)
Event: 18.509 Thread 0x000000001e5e4800 nmethod 2682 0x000000000355cbd0 code [0x000000000355cd80, 0x000000000355d5f8]
Event: 18.509 Thread 0x000000001e5e4800 2683       3       java.lang.ref.Finalizer::hasBeenFinalized (14 bytes)
Event: 18.509 Thread 0x000000001e5e4800 nmethod 2683 0x000000000355d890 code [0x000000000355d9e0, 0x000000000355db90]
Event: 18.509 Thread 0x000000001e5e4800 2684   !   3       java.lang.ref.Finalizer::remove (94 bytes)
Event: 18.509 Thread 0x000000001e5e4800 nmethod 2684 0x000000000355dc10 code [0x000000000355dd80, 0x000000000355e290]
Event: 18.509 Thread 0x000000001e5e4800 2685       3       java.lang.System$2::invokeFinalize (5 bytes)
Event: 18.509 Thread 0x000000001e5e4800 nmethod 2685 0x000000000355e3d0 code [0x000000000355e540, 0x000000000355e768]
Event: 18.509 Thread 0x000000001e5e4800 2687       3       java.util.zip.ZipFile$ZipFileInputStream::finalize (5 bytes)

GC Heap History (2 events):
Event: 18.497 GC heap before
{Heap before GC invocations=1 (full 0):
 PSYoungGen      total 76288K, used 65536K [0x000000076b000000, 0x0000000770500000, 0x00000007c0000000)
  eden space 65536K, 100% used [0x000000076b000000,0x000000076f000000,0x000000076f000000)
  from space 10752K, 0% used [0x000000076fa80000,0x000000076fa80000,0x0000000770500000)
  to   space 10752K, 0% used [0x000000076f000000,0x000000076f000000,0x000000076fa80000)
 ParOldGen       total 175104K, used 0K [0x00000006c1000000, 0x00000006cbb00000, 0x000000076b000000)
  object space 175104K, 0% used [0x00000006c1000000,0x00000006c1000000,0x00000006cbb00000)
 Metaspace       used 19774K, capacity 19977K, committed 20224K, reserved 1067008K
  class space    used 2212K, capacity 2292K, committed 2304K, reserved 1048576K
Event: 18.505 GC heap after
Heap after GC invocations=1 (full 0):
 PSYoungGen      total 76288K, used 10736K [0x000000076b000000, 0x0000000770500000, 0x00000007c0000000)
  eden space 65536K, 0% used [0x000000076b000000,0x000000076b000000,0x000000076f000000)
  from space 10752K, 99% used [0x000000076f000000,0x000000076fa7c090,0x000000076fa80000)
  to   space 10752K, 0% used [0x000000076fa80000,0x000000076fa80000,0x0000000770500000)
 ParOldGen       total 175104K, used 4053K [0x00000006c1000000, 0x00000006cbb00000, 0x000000076b000000)
  object space 175104K, 2% used [0x00000006c1000000,0x00000006c13f55c0,0x00000006cbb00000)
 Metaspace       used 19774K, capacity 19977K, committed 20224K, reserved 1067008K
  class space    used 2212K, capacity 2292K, committed 2304K, reserved 1048576K
}

Deoptimization events (10 events):
Event: 13.964 Thread 0x000000001fb75000 Uncommon trap: reason=unstable_if action=reinterpret pc=0x000000000331af50 method=java.util.HashMap$HashIterator.<init>(Ljava/util/HashMap;)V @ 45
Event: 14.521 Thread 0x000000001fb75000 Uncommon trap: reason=predicate action=maybe_recompile pc=0x0000000003512578 method=com.jme3.util.ListSort.reverseArray([Ljava/lang/Object;II)V @ 8
Event: 14.567 Thread 0x000000001fb75000 Uncommon trap: reason=array_check action=maybe_recompile pc=0x0000000003519a20 method=com.jme3.util.ListSort.reverseArray([Ljava/lang/Object;II)V @ 17
Event: 14.567 Thread 0x000000001fb75000 Uncommon trap: reason=array_check action=maybe_recompile pc=0x0000000003519a20 method=com.jme3.util.ListSort.reverseArray([Ljava/lang/Object;II)V @ 17
Event: 14.567 Thread 0x000000001fb75000 Uncommon trap: reason=array_check action=maybe_recompile pc=0x0000000003519a20 method=com.jme3.util.ListSort.reverseArray([Ljava/lang/Object;II)V @ 17
Event: 14.567 Thread 0x000000001fb75000 Uncommon trap: reason=array_check action=maybe_recompile pc=0x0000000003519a20 method=com.jme3.util.ListSort.reverseArray([Ljava/lang/Object;II)V @ 17
Event: 14.645 Thread 0x000000001fb75000 Uncommon trap: reason=array_check action=maybe_recompile pc=0x0000000003525044 method=com.jme3.util.ListSort.reverseArray([Ljava/lang/Object;II)V @ 21
Event: 14.645 Thread 0x000000001fb75000 Uncommon trap: reason=array_check action=maybe_recompile pc=0x0000000003525044 method=com.jme3.util.ListSort.reverseArray([Ljava/lang/Object;II)V @ 21
Event: 18.473 Thread 0x000000001fb75000 Uncommon trap: reason=unstable_if action=reinterpret pc=0x00000000033bffd4 method=org.lwjgl.opengl.WindowsKeyboard.flushRetained()V @ 4
Event: 18.473 Thread 0x000000001fb75000 Uncommon trap: reason=unstable_if action=reinterpret pc=0x00000000035446c8 method=org.lwjgl.input.Keyboard.readNext(Lorg/lwjgl/input/Keyboard$KeyEvent;)Z @ 6

Internal exceptions (10 events):
Event: 3.039 Thread 0x000000001fb75000 Exception <a 'java/security/PrivilegedActionException'> (0x000000076cae19d8) thrown at [C:\re\workspace\8-2-build-windows-amd64-cygwin\jdk8u111\7883\hotspot\src\share\vm\prims\jvm.cpp, line 1386]
Event: 3.039 Thread 0x000000001fb75000 Exception <a 'java/security/PrivilegedActionException'> (0x000000076cae2630) thrown at [C:\re\workspace\8-2-build-windows-amd64-cygwin\jdk8u111\7883\hotspot\src\share\vm\prims\jvm.cpp, line 1386]
Event: 3.039 Thread 0x000000001fb75000 Exception <a 'java/security/PrivilegedActionException'> (0x000000076cae3258) thrown at [C:\re\workspace\8-2-build-windows-amd64-cygwin\jdk8u111\7883\hotspot\src\share\vm\prims\jvm.cpp, line 1386]
Event: 3.233 Thread 0x000000001fb75000 Implicit null exception at 0x00000000030d04bd to 0x00000000030d06c1
Event: 8.855 Thread 0x000000001fb75000 Implicit null exception at 0x00000000033a29cb to 0x00000000033a4a61
Event: 13.067 Thread 0x000000001fb75000 Implicit null exception at 0x00000000034a8a75 to 0x00000000034a9349
Event: 13.068 Thread 0x000000001fb75000 Implicit null exception at 0x00000000033ab864 to 0x00000000033ac835
Event: 13.962 Thread 0x000000001fb75000 Implicit null exception at 0x00000000034752dd to 0x00000000034755f1
Event: 13.962 Thread 0x000000001fb75000 Implicit null exception at 0x000000000346ef95 to 0x000000000346f2d9
Event: 18.488 Thread 0x0000000027d16800 Exception <a 'java/lang/InterruptedException': sleep interrupted> (0x000000076ef22c60) thrown at [C:\re\workspace\8-2-build-windows-amd64-cygwin\jdk8u111\7883\hotspot\src\share\vm\prims\jvm.cpp, line 3224]

Events (10 events):
Event: 18.505 Executing VM operation: ParallelGCFailedAllocation done
Event: 18.505 Thread 0x0000000027f90800 Thread added: 0x0000000027f90800
Event: 18.505 Thread 0x0000000027f90000 Thread exited: 0x0000000027f90000
Event: 18.507 loading class java/util/WeakHashMap$EntrySet
Event: 18.507 loading class java/util/WeakHashMap$EntrySet done
Event: 18.507 loading class java/util/WeakHashMap$EntryIterator
Event: 18.507 loading class java/util/WeakHashMap$EntryIterator done
Event: 18.508 Executing VM operation: RevokeBias
Event: 18.508 Executing VM operation: RevokeBias done
Event: 18.509 Thread 0x000000001f8ed000 Thread exited: 0x000000001f8ed000


Dynamic libraries:
0x00007ff76a9f0000 - 0x00007ff76aa27000 	E:\jmonkey\jmonkeyplatform\jdk\bin\java.exe
0x00007fffbae60000 - 0x00007fffbb03b000 	C:\WINDOWS\SYSTEM32\ntdll.dll
0x00007fffb8bd0000 - 0x00007fffb8c7e000 	C:\WINDOWS\System32\KERNEL32.DLL
0x00007fffb7e60000 - 0x00007fffb80a9000 	C:\WINDOWS\System32\KERNELBASE.dll
0x00007fffb88f0000 - 0x00007fffb8991000 	C:\WINDOWS\System32\ADVAPI32.dll
0x00007fffb89a0000 - 0x00007fffb8a3d000 	C:\WINDOWS\System32\msvcrt.dll
0x00007fffb8a40000 - 0x00007fffb8a99000 	C:\WINDOWS\System32\sechost.dll
0x00007fffb8e20000 - 0x00007fffb8f45000 	C:\WINDOWS\System32\RPCRT4.dll
0x00007fffb9200000 - 0x00007fffb934a000 	C:\WINDOWS\System32\USER32.dll
0x00007fffb8100000 - 0x00007fffb811e000 	C:\WINDOWS\System32\win32u.dll
0x00007fffb8ce0000 - 0x00007fffb8d07000 	C:\WINDOWS\System32\GDI32.dll
0x00007fffb8230000 - 0x00007fffb83b7000 	C:\WINDOWS\System32\gdi32full.dll
0x00007fffb7b80000 - 0x00007fffb7c1a000 	C:\WINDOWS\System32\msvcp_win.dll
0x00007fffb7380000 - 0x00007fffb7476000 	C:\WINDOWS\System32\ucrtbase.dll
0x00007fffaf750000 - 0x00007fffaf9b7000 	C:\WINDOWS\WinSxS\amd64_microsoft.windows.common-controls_6595b64144ccf1df_6.0.15063.483_none_26002d27e7c744a2\COMCTL32.dll
0x00007fffb85f0000 - 0x00007fffb88e9000 	C:\WINDOWS\System32\combase.dll
0x00007fffb7df0000 - 0x00007fffb7e5a000 	C:\WINDOWS\System32\bcryptPrimitives.dll
0x00007fffb91d0000 - 0x00007fffb91fd000 	C:\WINDOWS\System32\IMM32.DLL
0x0000000056230000 - 0x0000000056302000 	E:\jmonkey\jmonkeyplatform\jdk\jre\bin\msvcr100.dll
0x0000000055560000 - 0x0000000055dfa000 	E:\jmonkey\jmonkeyplatform\jdk\jre\bin\server\jvm.dll
0x00007fffb8bc0000 - 0x00007fffb8bc8000 	C:\WINDOWS\System32\PSAPI.DLL
0x00007fffb3840000 - 0x00007fffb3849000 	C:\WINDOWS\SYSTEM32\WSOCK32.dll
0x00007fffb12e0000 - 0x00007fffb1303000 	C:\WINDOWS\SYSTEM32\WINMM.dll
0x00007fffb0300000 - 0x00007fffb030a000 	C:\WINDOWS\SYSTEM32\VERSION.dll
0x00007fffb9160000 - 0x00007fffb91cc000 	C:\WINDOWS\System32\WS2_32.dll
0x00007fffb12b0000 - 0x00007fffb12db000 	C:\WINDOWS\SYSTEM32\WINMMBASE.dll
0x00007fffb80b0000 - 0x00007fffb80f9000 	C:\WINDOWS\System32\cfgmgr32.dll
0x00000000568c0000 - 0x00000000568cf000 	E:\jmonkey\jmonkeyplatform\jdk\jre\bin\verify.dll
0x0000000056890000 - 0x00000000568b9000 	E:\jmonkey\jmonkeyplatform\jdk\jre\bin\java.dll
0x0000000056870000 - 0x0000000056886000 	E:\jmonkey\jmonkeyplatform\jdk\jre\bin\zip.dll
0x00007fffb9a20000 - 0x00007fffbae56000 	C:\WINDOWS\System32\SHELL32.dll
0x00007fffb90b0000 - 0x00007fffb915a000 	C:\WINDOWS\System32\shcore.dll
0x00007fffb7480000 - 0x00007fffb7b71000 	C:\WINDOWS\System32\windows.storage.dll
0x00007fffb8c80000 - 0x00007fffb8cd1000 	C:\WINDOWS\System32\shlwapi.dll
0x00007fffb72f0000 - 0x00007fffb7301000 	C:\WINDOWS\System32\kernel.appcore.dll
0x00007fffb7330000 - 0x00007fffb737c000 	C:\WINDOWS\System32\powrprof.dll
0x00007fffb72d0000 - 0x00007fffb72e5000 	C:\WINDOWS\System32\profapi.dll
0x0000000056520000 - 0x00000000566b8000 	E:\jmonkey\jmonkeyplatform\jdk\jre\bin\awt.dll
0x00007fffb9510000 - 0x00007fffb95d0000 	C:\WINDOWS\System32\OLEAUT32.dll
0x00007fffb5980000 - 0x00007fffb59fe000 	C:\WINDOWS\SYSTEM32\apphelp.dll
0x00007fffb5ac0000 - 0x00007fffb5b55000 	C:\WINDOWS\system32\uxtheme.dll
0x00007fffb83c0000 - 0x00007fffb8526000 	C:\WINDOWS\System32\MSCTF.dll
0x00007fffa0970000 - 0x00007fffa0a11000 	C:\Program Files\Common Files\microsoft shared\ink\tiptsf.dll
0x00007fffa4020000 - 0x00007fffa404a000 	C:\WINDOWS\system32\dwmapi.dll
0x00007fffb8f50000 - 0x00007fffb9095000 	C:\WINDOWS\System32\ole32.dll
0x0000000056490000 - 0x00000000564d7000 	E:\jmonkey\jmonkeyplatform\jdk\jre\bin\fontmanager.dll
0x0000000056850000 - 0x000000005686a000 	E:\jmonkey\jmonkeyplatform\jdk\jre\bin\net.dll
0x00007fffb6be0000 - 0x00007fffb6c3c000 	C:\WINDOWS\system32\mswsock.dll
0x0000000056830000 - 0x0000000056841000 	E:\jmonkey\jmonkeyplatform\jdk\jre\bin\nio.dll
0x0000000056440000 - 0x0000000056482000 	E:\jmonkey\jmonkeyplatform\jdk\jre\bin\t2k.dll
0x00007fffb3af0000 - 0x00007fffb3b72000 	C:\WINDOWS\System32\TextInputFramework.dll
0x00007fffa3960000 - 0x00007fffa3c32000 	C:\WINDOWS\System32\CoreUIComponents.dll
0x00007fffb5280000 - 0x00007fffb5363000 	C:\WINDOWS\System32\CoreMessaging.dll
0x00007fffb64e0000 - 0x00007fffb6511000 	C:\WINDOWS\SYSTEM32\ntmarta.dll
0x00007fffb4170000 - 0x00007fffb42a9000 	C:\WINDOWS\SYSTEM32\wintypes.dll
0x00007fffb4480000 - 0x00007fffb4495000 	C:\WINDOWS\SYSTEM32\usermgrcli.dll
0x00007fffb8b20000 - 0x00007fffb8bbe000 	C:\WINDOWS\System32\clbcatq.dll
0x00007fffa0680000 - 0x00007fffa0845000 	C:\Windows\System32\uiautomationcore.dll
0x00007fffb7130000 - 0x00007fffb71ca000 	C:\WINDOWS\SYSTEM32\sxs.dll
0x00007fffa4220000 - 0x00007fffa428b000 	C:\Windows\System32\OLEACC.dll
0x00007fffaf630000 - 0x00007fffaf6b2000 	C:\WINDOWS\SYSTEM32\twinapi.dll
0x00007fffb5d60000 - 0x00007fffb5ed0000 	C:\WINDOWS\SYSTEM32\twinapi.appcore.dll
0x00007fffb6e90000 - 0x00007fffb6eb5000 	C:\WINDOWS\SYSTEM32\bcrypt.dll
0x00007fff85140000 - 0x00007fff85346000 	E:\jmonkprojects\Assignment2\bulletjme.dll
0x0000000180000000 - 0x0000000180064000 	E:\jmonkprojects\Assignment2\OpenAL64.dll
0x0000000020370000 - 0x00000000203c3000 	E:\jmonkprojects\Assignment2\lwjgl64.dll
0x00007fff9ae10000 - 0x00007fff9af31000 	C:\WINDOWS\SYSTEM32\OPENGL32.dll
0x00007fff9c360000 - 0x00007fff9c38c000 	C:\WINDOWS\SYSTEM32\GLU32.dll
0x00007fff7cfd0000 - 0x00007fff7dac3000 	C:\WINDOWS\SYSTEM32\ig75icd64.dll
0x00007fffb3fb0000 - 0x00007fffb3fc3000 	C:\WINDOWS\SYSTEM32\WTSAPI32.dll
0x00007fffa1110000 - 0x00007fffa1b12000 	C:\WINDOWS\SYSTEM32\igdusc64.dll
0x00007fff9a5b0000 - 0x00007fff9a643000 	C:\WINDOWS\SYSTEM32\mscms.dll
0x00007fffb71d0000 - 0x00007fffb71f9000 	C:\WINDOWS\SYSTEM32\USERENV.dll
0x00007fff93fd0000 - 0x00007fff94011000 	C:\WINDOWS\SYSTEM32\icm32.dll
0x00007fffb2030000 - 0x00007fffb2097000 	C:\WINDOWS\System32\MMDevApi.dll
0x00007fffb2360000 - 0x00007fffb24f6000 	C:\WINDOWS\System32\PROPSYS.dll
0x00007fffb5ef0000 - 0x00007fffb5f18000 	C:\WINDOWS\System32\DEVOBJ.dll
0x00007fff914a0000 - 0x00007fff9152c000 	C:\WINDOWS\SYSTEM32\dsound.dll
0x00007fffb1180000 - 0x00007fffb1285000 	C:\WINDOWS\SYSTEM32\AUDIOSES.DLL
0x00007fffb39c0000 - 0x00007fffb39cb000 	C:\WINDOWS\SYSTEM32\AVRT.dll
0x00000000561f0000 - 0x0000000056221000 	E:\jmonkey\jmonkeyplatform\jdk\jre\bin\jpeg.dll
0x00007ffface10000 - 0x00007fffacfb9000 	C:\WINDOWS\SYSTEM32\dbghelp.dll

VM Arguments:
jvm_args: -Dfile.encoding=UTF-8 
java_command: jme3test.helloworld.Main
java_class_path (initial): E:\jmonkey\jmonkeyplatform\jmonkeyplatform\libs\jme3-jogg-3.2.0-v3.2-prealpha-sdk1-SNAPSHOT.jar;E:\jmonkey\jmonkeyplatform\jmonkeyplatform\libs\j-ogg-all-1.0.0.jar;E:\jmonkey\jmonkeyplatform\jmonkeyplatform\libs\jme3-networking-3.2.0-v3.2-prealpha-sdk1-SNAPSHOT.jar;E:\jmonkey\jmonkeyplatform\jmonkeyplatform\libs\jme3-plugins-3.2.0-v3.2-prealpha-sdk1-SNAPSHOT.jar;E:\jmonkey\jmonkeyplatform\jmonkeyplatform\libs\jme3-core-3.2.0-v3.2-prealpha-sdk1-SNAPSHOT.jar;E:\jmonkey\jmonkeyplatform\jmonkeyplatform\libs\jme3-desktop-3.2.0-v3.2-prealpha-sdk1-SNAPSHOT.jar;E:\jmonkey\jmonkeyplatform\jmonkeyplatform\libs\jme3-lwjgl-3.2.0-v3.2-prealpha-sdk1-SNAPSHOT.jar;E:\jmonkey\jmonkeyplatform\jmonkeyplatform\libs\lwjgl-platform-2.9.3-natives-linux.jar;E:\jmonkey\jmonkeyplatform\jmonkeyplatform\libs\lwjgl-platform-2.9.3-natives-osx.jar;E:\jmonkey\jmonkeyplatform\jmonkeyplatform\libs\lwjgl-platform-2.9.3-natives-windows.jar;E:\jmonkey\jmonkeyplatform\jmonkeyplatform\libs\jutils-1.0.0.jar;E:\jmonkey\jmonkeyplatform\jmonkeyplatform\libs\jinput-2.0.5.jar;E:\jmonkey\jmonkeyplatform\jmonkeyplatform\libs\lwjgl-2.9.3.jar;E:\jmonkey\jmonkeyplatform\jmonkeyplatform\libs\jinput-platform-2.0.5-natives-linux.jar;E:\jmonkey\jmonkeyplatform\jmonkeyplatform\libs\jinput-platform-2.0.5-natives-osx.jar;E:\jmonkey\jmonkeyplatform\jmonkeyplatform\libs\jinput-platform-2.0.5-natives-windows.jar;E:\jmonkey\jmonkeyplatform\jmonkeyplatform\libs\jme3-effects-3.2.0-v3.2-prealpha-sdk1-SNAPSHOT.jar;E:\jmonkey\jmonkeyplatform\jmonkeyplatform\libs\jme3-terrain-3.2.0-v3.2-prealpha-sdk1-SNAPSHOT.jar;E:\jmonkey\jmonkeyplatform\jmonkeyplatform\libs\jme3-bullet-3.2.0-v3.2-prealpha-sdk1-SNAPSHOT.jar;E:\jmonkey\jmonkeyplatform\jmonkeyplatform\libs\jme3-bullet-native-3.2.0-v3.2-prealpha-sdk1-SNAPSHOT.jar;E:\jmonkey\jmonkeyplatform\jmonkeyplatform\libs\jme3-testdata.jar;E:\jmonkprojects\Assignment2\build\classes;E:\jmonkprojects\Assignment2\assets
Launcher Type: SUN_STANDARD

Environment Variables:
JAVA_HOME=C:\Program Files (x86)\Java\jdk1.8.0_131
PATH=C:\ProgramData\Oracle\Java\javapath;C:\WINDOWS\system32;C:\WINDOWS;C:\WINDOWS\System32\Wbem;C:\WINDOWS\System32\WindowsPowerShell\v1.0\;C:\Program Files (x86)\GtkSharp\2.12\bin;C:\Program Files (x86)\Skype\Phone\;C:\Program Files\nodejs\;C:\Program Files\Microsoft SQL Server\130\Tools\Binn\;C:\Program Files\Microsoft SQL Server\Client SDK\ODBC\110\Tools\Binn\;C:\Program Files (x86)\Microsoft SQL Server\120\Tools\Binn\ManagementStudio\;C:\Program Files (x86)\Microsoft SQL Server\120\Tools\Binn\;C:\Program Files\Microsoft SQL Server\120\Tools\Binn\;C:\Program Files (x86)\Microsoft SQL Server\120\DTS\Binn\;C:\Program Files\Microsoft SQL Server\120\DTS\Binn\;C:\Users\Asad Rana\AppData\Local\Microsoft\WindowsApps;C:\Users\Asad Rana\AppData\Roaming\npm
USERNAME=Asad Rana
OS=Windows_NT
PROCESSOR_IDENTIFIER=Intel64 Family 6 Model 60 Stepping 3, GenuineIntel



---------------  S Y S T E M  ---------------

OS: Windows 10.0 , 64 bit Build 15063 (10.0.15063.296)

CPU:total 8 (4 cores per cpu, 2 threads per core) family 6 model 60 stepping 3, cmov, cx8, fxsr, mmx, sse, sse2, sse3, ssse3, sse4.1, sse4.2, popcnt, avx, avx2, aes, clmul, erms, lzcnt, ht, tsc, tscinvbit, bmi1, bmi2

Memory: 4k page, physical 16707692k(12959104k free), swap 19198060k(14713924k free)

vm_info: Java HotSpot(TM) 64-Bit Server VM (25.111-b14) for windows-amd64 JRE (1.8.0_111-b14), built on Sep 22 2016 19:24:05 by "java_re" with MS VC++ 10.0 (VS2010)

time: Fri Oct 13 22:28:18 2017
elapsed time: 18 seconds (0d 0h 0m 18s)

